base/build/intermediates/manifest_merge_blame_file/debug/manifest-merger-blame-debug-report.txt
1<?xml version="1.0" encoding="utf-8"?>
2<manifest xmlns:android="http://schemas.android.com/apk/res/android"
3    xmlns:tools="http://schemas.android.com/tools"
4    package="com.xiaochen.emvp.base"
5    android:versionCode="1000000"
6    android:versionName="1.0.0" >
7
8    <uses-sdk android:minSdkVersion="18" />
8-->src/main/AndroidManifest.xml
9
10    <uses-permission android:name="android.permission.INTERNET" />
10-->src/main/AndroidManifest.xml:5:5-67
10-->src/main/AndroidManifest.xml:5:22-64
11    <uses-permission android:name="android.permission.ACCESS_WIFI_STATE" />
11-->src/main/AndroidManifest.xml:6:5-76
11-->src/main/AndroidManifest.xml:6:22-73
12    <uses-permission android:name="android.permission.CHANGE_WIFI_STATE" />
12-->src/main/AndroidManifest.xml:7:5-76
12-->src/main/AndroidManifest.xml:7:22-73
13    <uses-permission android:name="android.permission.ACCESS_NETWORK_STATE" />
13-->src/main/AndroidManifest.xml:8:5-79
13-->src/main/AndroidManifest.xml:8:22-76
14
15    <application>
15-->src/main/AndroidManifest.xml:10:5-21:19
16
17        <!-- autosize库需要配置的宽高适配dp值 -->
18        <meta-data
18-->src/main/AndroidManifest.xml:13:9-15:35
19            android:name="design_width_in_dp"
19-->src/main/AndroidManifest.xml:14:13-46
20            android:value="375" />
20-->src/main/AndroidManifest.xml:15:13-32
21        <meta-data
21-->src/main/AndroidManifest.xml:17:9-19:35
22            android:name="design_height_in_dp"
22-->src/main/AndroidManifest.xml:18:13-47
23            android:value="640" />
23-->src/main/AndroidManifest.xml:19:13-32
24    </application>
25
26</manifest>